0 info it worked if it ends with ok
1 verbose cli [ '/Users/spalger/.nvm/versions/node/v6.3.0/bin/node',
1 verbose cli   '/Users/spalger/.nvm/versions/node/v6.3.0/bin/npm',
1 verbose cli   'start' ]
2 info using npm@3.10.3
3 info using node@v6.3.0
4 verbose run-script [ 'prestart', 'start', 'poststart' ]
5 info lifecycle github-trigger@0.0.0~prestart: github-trigger@0.0.0
6 silly lifecycle github-trigger@0.0.0~prestart: no script for prestart, continuing
7 info lifecycle github-trigger@0.0.0~start: github-trigger@0.0.0
8 verbose lifecycle github-trigger@0.0.0~start: unsafe-perm in lifecycle true
9 verbose lifecycle github-trigger@0.0.0~start: PATH: /Users/spalger/.nvm/versions/node/v6.3.0/lib/node_modules/npm/bin/node-gyp-bin:/Users/spalger/dev/github-trigger/node_modules/.bin:/Users/spalger/.nvm/versions/node/v6.3.0/bin:/Users/spalger/.nvm/versions/node/v6.3.0/bin:/Users/spalger/.jabba/jdk/1.8.77/Contents/Home/bin:/Users/spalger/.avn/bin:/Users/spalger/.opam/4.02.3/bin:/Users/spalger/.rbenv/shims:/Users/spalger/dev/gocode/bin:/Users/spalger/.cargo/bin:/Users/spalger/.pub-cache/bin:./node_modules/.bin:/Users/spalger/.avn/bin:/Users/spalger/bin/packer_0.8.6_darwin_amd64:./bin:/Users/spalger/bin:/Users/spalger/.dotfiles/bin:/usr/local/sbin:/usr/local/bin:/usr/local/bin:/usr/bin:/bin:/usr/sbin:/sbin:/opt/X11/bin:/usr/local/go/bin:/usr/local/opt/go/libexec/bin
10 verbose lifecycle github-trigger@0.0.0~start: CWD: /Users/spalger/dev/github-trigger
11 silly lifecycle github-trigger@0.0.0~start: Args: [ '-c', 'node .' ]
12 silly lifecycle github-trigger@0.0.0~start: Returned: code: 1  signal: null
13 info lifecycle github-trigger@0.0.0~start: Failed to exec start script
14 verbose stack Error: github-trigger@0.0.0 start: `node .`
14 verbose stack Exit status 1
14 verbose stack     at EventEmitter.<anonymous> (/Users/spalger/.nvm/versions/node/v6.3.0/lib/node_modules/npm/lib/utils/lifecycle.js:242:16)
14 verbose stack     at emitTwo (events.js:106:13)
14 verbose stack     at EventEmitter.emit (events.js:191:7)
14 verbose stack     at ChildProcess.<anonymous> (/Users/spalger/.nvm/versions/node/v6.3.0/lib/node_modules/npm/lib/utils/spawn.js:40:14)
14 verbose stack     at emitTwo (events.js:106:13)
14 verbose stack     at ChildProcess.emit (events.js:191:7)
14 verbose stack     at maybeClose (internal/child_process.js:852:16)
14 verbose stack     at Process.ChildProcess._handle.onexit (internal/child_process.js:215:5)
15 verbose pkgid github-trigger@0.0.0
16 verbose cwd /Users/spalger/dev/github-trigger
17 error Darwin 15.5.0
18 error argv "/Users/spalger/.nvm/versions/node/v6.3.0/bin/node" "/Users/spalger/.nvm/versions/node/v6.3.0/bin/npm" "start"
19 error node v6.3.0
20 error npm  v3.10.3
21 error code ELIFECYCLE
22 error github-trigger@0.0.0 start: `node .`
22 error Exit status 1
23 error Failed at the github-trigger@0.0.0 start script 'node .'.
23 error Make sure you have the latest version of node.js and npm installed.
23 error If you do, this is most likely a problem with the github-trigger package,
23 error not with npm itself.
23 error Tell the author that this fails on your system:
23 error     node .
23 error You can get information on how to open an issue for this project with:
23 error     npm bugs github-trigger
23 error Or if that isn't available, you can get their info via:
23 error     npm owner ls github-trigger
23 error There is likely additional logging output above.
24 verbose exit [ 1, true ]
